2025-04-10 04:21:13.120 [info] [main] Log level: Info
2025-04-10 04:21:13.120 [info] [main] Validating found git in: "git"
2025-04-10 04:21:13.120 [info] [main] Using git "2.47.2" from "git"
2025-04-10 04:21:13.120 [info] [Model][doInitialScan] Initial repository scan started
2025-04-10 04:21:13.120 [info] [Model][doInitialScan] Initial repository scan completed - repositories (0), closed repositories (0), parent repositories (0), unsafe repositories (0)
2025-04-10 04:32:44.645 [info] [main] Log level: Info
2025-04-10 04:32:44.645 [info] [main] Validating found git in: "git"
2025-04-10 04:32:44.645 [info] [main] Using git "2.47.2" from "git"
2025-04-10 04:32:44.645 [info] [Model][doInitialScan] Initial repository scan started
2025-04-10 04:32:44.645 [info] > git rev-parse --show-toplevel [11ms]
2025-04-10 04:32:44.652 [info] > git rev-parse --git-dir --git-common-dir [2ms]
2025-04-10 04:32:44.669 [info] [Model][openRepository] Opened repository: /home/simorg/Desktop/SimorgAAS
2025-04-10 04:32:44.686 [info] > git config --get commit.template [7ms]
2025-04-10 04:32:44.733 [info] > git for-each-ref --format=%(refname)%00%(upstream:short)%00%(objectname)%00%(upstream:track)%00%(upstream:remotename)%00%(upstream:remoteref) refs/heads/main refs/remotes/main [38ms]
2025-04-10 04:32:44.776 [info] > git status -z -uall [13ms]
2025-04-10 04:32:44.780 [info] > git for-each-ref --sort -committerdate --format %(refname)%00%(objectname)%00%(*objectname) [8ms]
2025-04-10 04:32:44.853 [info] > git for-each-ref --format=%(refname)%00%(upstream:short)%00%(objectname)%00%(upstream:track)%00%(upstream:remotename)%00%(upstream:remoteref) refs/heads/main refs/remotes/main [28ms]
2025-04-10 04:32:44.864 [info] > git config --get --local branch.main.vscode-merge-base [5ms]
2025-04-10 04:32:44.864 [warning] [Git][config] git config failed: Failed to execute git
2025-04-10 04:32:44.870 [info] > git config --get commit.template [18ms]
2025-04-10 04:32:44.871 [info] > git rev-parse --show-toplevel [27ms]
2025-04-10 04:32:44.880 [info] > git reflog main --grep-reflog=branch: Created from *. [10ms]
2025-04-10 04:32:44.920 [info] > git symbolic-ref --short refs/remotes/origin/HEAD [34ms]
2025-04-10 04:32:44.925 [info] > git rev-parse --show-toplevel [45ms]
2025-04-10 04:32:44.933 [info] > git for-each-ref --format=%(refname)%00%(upstream:short)%00%(objectname)%00%(upstream:track)%00%(upstream:remotename)%00%(upstream:remoteref) refs/heads/origin/main refs/remotes/origin/main [7ms]
2025-04-10 04:32:44.939 [info] > git for-each-ref --format=%(refname)%00%(upstream:short)%00%(objectname)%00%(upstream:track)%00%(upstream:remotename)%00%(upstream:remoteref) refs/heads/main refs/remotes/main [21ms]
2025-04-10 04:32:44.940 [info] > git rev-parse --show-toplevel [9ms]
2025-04-10 04:32:44.946 [info] > git config --add --local branch.main.vscode-merge-base origin/main [8ms]
2025-04-10 04:32:44.952 [info] > git rev-parse --show-toplevel [7ms]
2025-04-10 04:32:44.966 [info] > git for-each-ref --format=%(refname)%00%(upstream:short)%00%(objectname)%00%(upstream:track)%00%(upstream:remotename)%00%(upstream:remoteref) refs/heads/main refs/remotes/main [7ms]
2025-04-10 04:32:44.972 [info] > git config --get commit.template [21ms]
2025-04-10 04:32:44.978 [info] > git config --get --local branch.main.vscode-merge-base [6ms]
2025-04-10 04:32:44.985 [info] > git rev-parse --show-toplevel [20ms]
2025-04-10 04:32:44.991 [info] > git for-each-ref --format=%(refname)%00%(upstream:short)%00%(objectname)%00%(upstream:track)%00%(upstream:remotename)%00%(upstream:remoteref) refs/heads/main refs/remotes/main [14ms]
2025-04-10 04:32:44.993 [info] > git rev-parse --show-toplevel [2ms]
2025-04-10 04:32:44.993 [info] > git for-each-ref --format=%(refname)%00%(upstream:short)%00%(objectname)%00%(upstream:track)%00%(upstream:remotename)%00%(upstream:remoteref) refs/heads/origin/main refs/remotes/origin/main [9ms]
2025-04-10 04:32:45.009 [info] > git merge-base refs/heads/main refs/remotes/origin/main [6ms]
2025-04-10 04:32:45.027 [info] > git status -z -uall [6ms]
2025-04-10 04:32:45.027 [info] > git rev-parse --show-toplevel [18ms]
2025-04-10 04:32:45.035 [info] > git diff --name-status -z --diff-filter=ADMR 2639cbcbdd1e8c456bebbde64e98c300240ae095...refs/remotes/origin/main [19ms]
2025-04-10 04:32:45.037 [info] > git rev-parse --show-toplevel [4ms]
2025-04-10 04:32:45.037 [info] > git for-each-ref --sort -committerdate --format %(refname)%00%(objectname)%00%(*objectname) [10ms]
2025-04-10 04:32:45.051 [info] > git rev-parse --show-toplevel [2ms]
2025-04-10 04:32:45.058 [info] > git rev-parse --show-toplevel [1ms]
2025-04-10 04:32:45.064 [info] > git rev-parse --show-toplevel [1ms]
2025-04-10 04:32:45.072 [info] > git rev-parse --show-toplevel [2ms]
2025-04-10 04:32:45.082 [info] > git rev-parse --show-toplevel [2ms]
2025-04-10 04:32:45.091 [info] > git rev-parse --show-toplevel [2ms]
2025-04-10 04:32:45.098 [info] > git rev-parse --show-toplevel [1ms]
2025-04-10 04:32:45.107 [info] > git rev-parse --show-toplevel [1ms]
2025-04-10 04:32:45.114 [info] > git rev-parse --show-toplevel [2ms]
2025-04-10 04:32:45.119 [info] [Model][doInitialScan] Initial repository scan completed - repositories (1), closed repositories (0), parent repositories (0), unsafe repositories (0)
2025-04-10 04:32:45.217 [info] > git check-ignore -v -z --stdin [5ms]
2025-04-10 04:32:46.956 [info] > git for-each-ref --format=%(refname)%00%(upstream:short)%00%(objectname)%00%(upstream:track)%00%(upstream:remotename)%00%(upstream:remoteref) refs/heads/main refs/remotes/main [12ms]
2025-04-10 04:32:46.957 [info] > git config --get commit.template [24ms]
2025-04-10 04:32:47.062 [info] > git status -z -uall [94ms]
2025-04-10 04:32:47.062 [info] > git for-each-ref --sort -committerdate --format %(refname)%00%(objectname)%00%(*objectname) [83ms]
2025-04-10 04:32:52.091 [info] > git config --get commit.template [7ms]
2025-04-10 04:32:52.093 [info] > git for-each-ref --format=%(refname)%00%(upstream:short)%00%(objectname)%00%(upstream:track)%00%(upstream:remotename)%00%(upstream:remoteref) refs/heads/main refs/remotes/main [3ms]
2025-04-10 04:32:52.113 [info] > git status -z -uall [13ms]
2025-04-10 04:32:52.113 [info] > git for-each-ref --sort -committerdate --format %(refname)%00%(objectname)%00%(*objectname) [5ms]
2025-04-10 04:33:09.641 [info] > git config --get commit.template [14ms]
2025-04-10 04:33:09.643 [info] > git for-each-ref --format=%(refname)%00%(upstream:short)%00%(objectname)%00%(upstream:track)%00%(upstream:remotename)%00%(upstream:remoteref) refs/heads/main refs/remotes/main [5ms]
2025-04-10 04:33:09.670 [info] > git status -z -uall [14ms]
2025-04-10 04:33:09.673 [info] > git for-each-ref --sort -committerdate --format %(refname)%00%(objectname)%00%(*objectname) [5ms]
2025-04-10 04:33:12.202 [info] > git check-ignore -v -z --stdin [5ms]
2025-04-10 04:33:14.702 [info] > git config --get commit.template [3ms]
2025-04-10 04:33:14.718 [info] > git for-each-ref --format=%(refname)%00%(upstream:short)%00%(objectname)%00%(upstream:track)%00%(upstream:remotename)%00%(upstream:remoteref) refs/heads/main refs/remotes/main [4ms]
2025-04-10 04:33:14.748 [info] > git status -z -uall [15ms]
2025-04-10 04:33:14.751 [info] > git for-each-ref --sort -committerdate --format %(refname)%00%(objectname)%00%(*objectname) [5ms]
2025-04-10 04:33:15.690 [info] > git check-ignore -v -z --stdin [4ms]
2025-04-10 04:33:17.270 [info] > git show --textconv :Collector/InformationGathering/models.py [12ms]
2025-04-10 04:33:17.271 [info] > git ls-files --stage -- Collector/InformationGathering/models.py [2ms]
2025-04-10 04:33:17.278 [info] > git cat-file -s 3e7b109cb1b3d01ccd1c4f7b2a6843427aab1232 [1ms]
2025-04-10 04:33:19.780 [info] > git config --get commit.template [7ms]
2025-04-10 04:33:19.781 [info] > git for-each-ref --format=%(refname)%00%(upstream:short)%00%(objectname)%00%(upstream:track)%00%(upstream:remotename)%00%(upstream:remoteref) refs/heads/main refs/remotes/main [2ms]
2025-04-10 04:33:19.796 [info] > git status -z -uall [7ms]
2025-04-10 04:33:19.797 [info] > git for-each-ref --sort -committerdate --format %(refname)%00%(objectname)%00%(*objectname) [2ms]
2025-04-10 04:33:19.872 [info] > git show --textconv :Collector/InformationGathering/targetmanagement.py [9ms]
2025-04-10 04:33:19.874 [info] > git ls-files --stage -- Collector/InformationGathering/targetmanagement.py [3ms]
2025-04-10 04:33:19.880 [info] > git cat-file -s dfecdabc079588ba48eccd1e23b855903857cc1e [1ms]
2025-04-10 04:33:28.745 [info] > git config --get commit.template [19ms]
2025-04-10 04:33:28.747 [info] > git for-each-ref --format=%(refname)%00%(upstream:short)%00%(objectname)%00%(upstream:track)%00%(upstream:remotename)%00%(upstream:remoteref) refs/heads/main refs/remotes/main [4ms]
2025-04-10 04:33:28.781 [info] > git status -z -uall [18ms]
2025-04-10 04:33:28.785 [info] > git for-each-ref --sort -committerdate --format %(refname)%00%(objectname)%00%(*objectname) [7ms]
